#! /c/Source/iverilog-install/bin/vvp
:ivl_version "12.0 (devel)" "(s20150603-1539-g2693dd32b)";
:ivl_delay_selection "TYPICAL";
:vpi_time_precision + 0;
:vpi_module "C:\iverilog\lib\ivl\system.vpi";
:vpi_module "C:\iverilog\lib\ivl\vhdl_sys.vpi";
:vpi_module "C:\iverilog\lib\ivl\vhdl_textio.vpi";
:vpi_module "C:\iverilog\lib\ivl\v2005_math.vpi";
:vpi_module "C:\iverilog\lib\ivl\va_math.vpi";
S_000001f4cee0ad10 .scope module, "tb_fsm_controller" "tb_fsm_controller" 2 1;
 .timescale 0 0;
v000001f4cec74b50_0 .net "busy", 0 0, v000001f4cee0aa20_0;  1 drivers
v000001f4cec74bf0_0 .var "clk", 0 0;
v000001f4cec74c90_0 .var "done", 0 0;
v000001f4cecca000_0 .var "error", 0 0;
v000001f4ceccab90_0 .net "fault", 0 0, v000001f4cec77a90_0;  1 drivers
v000001f4cecca190_0 .var "reset", 0 0;
v000001f4cecca730_0 .var "start", 0 0;
v000001f4cecca230_0 .net "valid", 0 0, v000001f4cec74ab0_0;  1 drivers
S_000001f4cec77860 .scope module, "dut" "fsm_controller" 2 6, 3 1 0, S_000001f4cee0ad10;
 .timescale 0 0;
    .port_info 0 /INPUT 1 "clk";
    .port_info 1 /INPUT 1 "reset";
    .port_info 2 /INPUT 1 "start";
    .port_info 3 /INPUT 1 "done";
    .port_info 4 /INPUT 1 "error";
    .port_info 5 /OUTPUT 1 "busy";
    .port_info 6 /OUTPUT 1 "valid";
    .port_info 7 /OUTPUT 1 "fault";
P_000001f4cee086a0 .param/l "DONE" 1 3 17, C4<011>;
P_000001f4cee086d8 .param/l "ERROR" 1 3 18, C4<100>;
P_000001f4cee08710 .param/l "IDLE" 1 3 14, C4<000>;
P_000001f4cee08748 .param/l "INIT" 1 3 15, C4<001>;
P_000001f4cee08780 .param/l "RUN" 1 3 16, C4<010>;
v000001f4cee0aa20_0 .var "busy", 0 0;
v000001f4cec42ef0_0 .net "clk", 0 0, v000001f4cec74bf0_0;  1 drivers
v000001f4cee0aea0_0 .var "current_state", 2 0;
v000001f4cee0af40_0 .net "done", 0 0, v000001f4cec74c90_0;  1 drivers
v000001f4cec779f0_0 .net "error", 0 0, v000001f4cecca000_0;  1 drivers
v000001f4cec77a90_0 .var "fault", 0 0;
v000001f4cec77b30_0 .var "next_state", 2 0;
v000001f4cec77bd0_0 .net "reset", 0 0, v000001f4cecca190_0;  1 drivers
v000001f4cec74a10_0 .net "start", 0 0, v000001f4cecca730_0;  1 drivers
v000001f4cec74ab0_0 .var "valid", 0 0;
E_000001f4cec7cf40 .event anyedge, v000001f4cee0aea0_0;
E_000001f4cec7d140 .event anyedge, v000001f4cee0aea0_0, v000001f4cec74a10_0, v000001f4cec779f0_0, v000001f4cee0af40_0;
E_000001f4cec7d1c0 .event posedge, v000001f4cec42ef0_0;
    .scope S_000001f4cec77860;
T_0 ;
    %wait E_000001f4cec7d1c0;
    %load/vec4 v000001f4cec77bd0_0;
    %flag_set/vec4 8;
    %jmp/0xz  T_0.0, 8;
    %pushi/vec4 0, 0, 3;
    %assign/vec4 v000001f4cee0aea0_0, 0;
    %jmp T_0.1;
T_0.0 ;
    %load/vec4 v000001f4cec77b30_0;
    %assign/vec4 v000001f4cee0aea0_0, 0;
T_0.1 ;
    %jmp T_0;
    .thread T_0;
    .scope S_000001f4cec77860;
T_1 ;
    %wait E_000001f4cec7d140;
    %load/vec4 v000001f4cee0aea0_0;
    %store/vec4 v000001f4cec77b30_0, 0, 3;
    %load/vec4 v000001f4cee0aea0_0;
    %dup/vec4;
    %pushi/vec4 0, 0, 3;
    %cmp/u;
    %jmp/1 T_1.0, 6;
    %dup/vec4;
    %pushi/vec4 1, 0, 3;
    %cmp/u;
    %jmp/1 T_1.1, 6;
    %dup/vec4;
    %pushi/vec4 2, 0, 3;
    %cmp/u;
    %jmp/1 T_1.2, 6;
    %dup/vec4;
    %pushi/vec4 3, 0, 3;
    %cmp/u;
    %jmp/1 T_1.3, 6;
    %dup/vec4;
    %pushi/vec4 4, 0, 3;
    %cmp/u;
    %jmp/1 T_1.4, 6;
    %jmp T_1.5;
T_1.0 ;
    %load/vec4 v000001f4cec74a10_0;
    %flag_set/vec4 8;
    %jmp/0xz  T_1.6, 8;
    %pushi/vec4 1, 0, 3;
    %store/vec4 v000001f4cec77b30_0, 0, 3;
T_1.6 ;
    %jmp T_1.5;
T_1.1 ;
    %pushi/vec4 2, 0, 3;
    %store/vec4 v000001f4cec77b30_0, 0, 3;
    %jmp T_1.5;
T_1.2 ;
    %load/vec4 v000001f4cec779f0_0;
    %flag_set/vec4 8;
    %jmp/0xz  T_1.8, 8;
    %pushi/vec4 4, 0, 3;
    %store/vec4 v000001f4cec77b30_0, 0, 3;
    %jmp T_1.9;
T_1.8 ;
    %load/vec4 v000001f4cee0af40_0;
    %flag_set/vec4 8;
    %jmp/0xz  T_1.10, 8;
    %pushi/vec4 3, 0, 3;
    %store/vec4 v000001f4cec77b30_0, 0, 3;
T_1.10 ;
T_1.9 ;
    %jmp T_1.5;
T_1.3 ;
    %pushi/vec4 3, 0, 3;
    %store/vec4 v000001f4cec77b30_0, 0, 3;
    %jmp T_1.5;
T_1.4 ;
    %pushi/vec4 4, 0, 3;
    %store/vec4 v000001f4cec77b30_0, 0, 3;
    %jmp T_1.5;
T_1.5 ;
    %pop/vec4 1;
    %jmp T_1;
    .thread T_1, $push;
    .scope S_000001f4cec77860;
T_2 ;
    %wait E_000001f4cec7cf40;
    %pushi/vec4 0, 0, 1;
    %store/vec4 v000001f4cee0aa20_0, 0, 1;
    %pushi/vec4 0, 0, 1;
    %store/vec4 v000001f4cec74ab0_0, 0, 1;
    %pushi/vec4 0, 0, 1;
    %store/vec4 v000001f4cec77a90_0, 0, 1;
    %load/vec4 v000001f4cee0aea0_0;
    %dup/vec4;
    %pushi/vec4 1, 0, 3;
    %cmp/u;
    %jmp/1 T_2.0, 6;
    %dup/vec4;
    %pushi/vec4 2, 0, 3;
    %cmp/u;
    %jmp/1 T_2.1, 6;
    %dup/vec4;
    %pushi/vec4 3, 0, 3;
    %cmp/u;
    %jmp/1 T_2.2, 6;
    %dup/vec4;
    %pushi/vec4 4, 0, 3;
    %cmp/u;
    %jmp/1 T_2.3, 6;
    %jmp T_2.4;
T_2.0 ;
    %pushi/vec4 1, 0, 1;
    %store/vec4 v000001f4cee0aa20_0, 0, 1;
    %jmp T_2.4;
T_2.1 ;
    %pushi/vec4 1, 0, 1;
    %store/vec4 v000001f4cee0aa20_0, 0, 1;
    %jmp T_2.4;
T_2.2 ;
    %pushi/vec4 1, 0, 1;
    %store/vec4 v000001f4cec74ab0_0, 0, 1;
    %jmp T_2.4;
T_2.3 ;
    %pushi/vec4 1, 0, 1;
    %store/vec4 v000001f4cec77a90_0, 0, 1;
    %jmp T_2.4;
T_2.4 ;
    %pop/vec4 1;
    %jmp T_2;
    .thread T_2, $push;
    .scope S_000001f4cee0ad10;
T_3 ;
    %delay 5, 0;
    %load/vec4 v000001f4cec74bf0_0;
    %inv;
    %store/vec4 v000001f4cec74bf0_0, 0, 1;
    %jmp T_3;
    .thread T_3;
    .scope S_000001f4cee0ad10;
T_4 ;
    %vpi_call 2 20 "$dumpfile", "fsm.vcd" {0 0 0};
    %vpi_call 2 21 "$dumpvars", 32'sb00000000000000000000000000000000, S_000001f4cee0ad10 {0 0 0};
    %pushi/vec4 0, 0, 1;
    %store/vec4 v000001f4cec74bf0_0, 0, 1;
    %pushi/vec4 1, 0, 1;
    %store/vec4 v000001f4cecca190_0, 0, 1;
    %pushi/vec4 0, 0, 1;
    %store/vec4 v000001f4cecca730_0, 0, 1;
    %pushi/vec4 0, 0, 1;
    %store/vec4 v000001f4cec74c90_0, 0, 1;
    %pushi/vec4 0, 0, 1;
    %store/vec4 v000001f4cecca000_0, 0, 1;
    %delay 20, 0;
    %pushi/vec4 0, 0, 1;
    %store/vec4 v000001f4cecca190_0, 0, 1;
    %delay 10, 0;
    %pushi/vec4 1, 0, 1;
    %store/vec4 v000001f4cecca730_0, 0, 1;
    %delay 10, 0;
    %pushi/vec4 0, 0, 1;
    %store/vec4 v000001f4cecca730_0, 0, 1;
    %delay 30, 0;
    %pushi/vec4 1, 0, 1;
    %store/vec4 v000001f4cec74c90_0, 0, 1;
    %delay 10, 0;
    %pushi/vec4 0, 0, 1;
    %store/vec4 v000001f4cec74c90_0, 0, 1;
    %delay 40, 0;
    %pushi/vec4 1, 0, 1;
    %store/vec4 v000001f4cecca190_0, 0, 1;
    %delay 10, 0;
    %pushi/vec4 0, 0, 1;
    %store/vec4 v000001f4cecca190_0, 0, 1;
    %delay 30, 0;
    %pushi/vec4 1, 0, 1;
    %store/vec4 v000001f4cecca000_0, 0, 1;
    %delay 10, 0;
    %pushi/vec4 0, 0, 1;
    %store/vec4 v000001f4cecca000_0, 0, 1;
    %delay 50, 0;
    %vpi_call 2 42 "$finish" {0 0 0};
    %end;
    .thread T_4;
# The file index is used to find the file name in the following table.
:file_names 4;
    "N/A";
    "<interactive>";
    "tb_fsm_controller.v";
    "fsm_controller.v";
